<?xml version="1.0" encoding="UTF-8"?>
<!-- Generated by org.testng.reporters.JUnitXMLReporter -->
<testsuite ignored="0" hostname="gopinath-Lenovo-ideapad-110-15ACL" failures="1" tests="3" name="FunctionalTest" time="61.033" errors="0" timestamp="2021-09-19T13:28:29 IST">
  <testcase classname="org.smartnetwork.execution.Execution" name="applicationLogin" time="9.683"/>
  <testcase classname="org.smartnetwork.execution.Execution" name="register" time="5.078"/>
  <testcase classname="org.smartnetwork.execution.Execution" name="createPost" time="25.26">
    <failure type="java.lang.AssertionError" message="expected [HighEndCar] but found [a four-wheeled road vehicle that is powered by an engine and is able to carry a ... View all]">
      <![CDATA[java.lang.AssertionError: expected [HighEndCar] but found [a four-wheeled road vehicle that is powered by an engine and is able to carry a ... View all]
at org.smartnetwork.execution.Execution.createPost(Execution.java:121)
at java.base/java.util.ArrayList.forEach(ArrayList.java:1511)
... Removed 33 stack frames]]>
    </failure>
  </testcase> <!-- createPost -->
</testsuite> <!-- FunctionalTest -->
