<?xml version="1.0" encoding="UTF-8"?>
<!-- Generated by org.testng.reporters.JUnitXMLReporter -->
<testsuite ignored="0" hostname="gopinath-Lenovo-ideapad-110-15ACL" failures="0" tests="3" name="Default test" time="37.719" errors="0" timestamp="2021-09-19T08:38:08 IST">
  <testcase classname="org.smartnetwork.execution.Execution" name="applicationLogin" time="6.871"/>
  <testcase classname="org.smartnetwork.execution.Execution" name="register" time="5.118"/>
  <testcase classname="org.smartnetwork.execution.Execution" name="createPost" time="11.06"/>
</testsuite> <!-- Default test -->
